[2023-04-27 14:02:19,745][INFO][- {'编号': '442B', '题目': 'Andrey and Problem', '分数': 1800, '标签': 'greedy, math, probabilities', '解决人数': 4579, '链接': 'https://codeforces.com/problemset/problem/442/B'}]
[2023-04-27 14:02:19,746][INFO][- ./cf/a-problem-everyday/2023/04/27/442B.md generate success]
[2023-04-28 11:56:29,200][INFO][- {'编号': '785C', '题目': 'Anton and Fairy Tale', '分数': 1600, '标签': 'binary search, math', '解决人数': 6728, '链接': 'https://codeforces.com/problemset/problem/785/C'}]
[2023-04-28 11:56:29,202][INFO][- ./cf/a-problem-everyday/2023/04/28/785C.md generate success]
[2023-04-29 13:27:26,810][INFO][- {'编号': '464A', '题目': 'No to Palindromes!', '分数': 1700, '标签': 'greedy, strings', '解决人数': 5567, '链接': 'https://codeforces.com/problemset/problem/464/A'}]
[2023-04-29 13:27:26,810][INFO][- ./cf/a-problem-everyday/2023/04/29/464A.md generate success]
[2023-04-30 02:23:46,119][INFO][- {'编号': '696C', '题目': 'PLEASE', '分数': 2000, '标签': 'combinatorics, dp, implementation, math, matrices', '解决人数': 1934, '链接': 'https://codeforces.com/problemset/problem/696/C'}]
[2023-04-30 02:23:46,120][INFO][- ./cf/a-problem-everyday/2023/04/30/696C.md generate success]
[2023-05-01 13:17:21,387][INFO][- {'编号': '1660F1', '题目': 'Promising String (easy version)', '分数': 1700, '标签': 'brute force, implementation, math, strings', '解决人数': 6153, '链接': 'https://codeforces.com/problemset/problem/1660/F1'}]
[2023-05-01 13:17:21,388][INFO][- ./cf/a-problem-everyday/2023/05/01/1660F1.md generate success]
[2023-05-02 01:22:09,898][INFO][- {'编号': '1395C', '题目': 'Boboniu and Bit Operations', '分数': 1600, '标签': 'bitmasks, brute force, dp, greedy', '解决人数': 12194, '链接': 'https://codeforces.com/problemset/problem/1395/C'}]
[2023-05-02 01:22:09,899][INFO][- ./cf/a-problem-everyday/2023/05/02/1395C.md generate success]
[2023-05-03 12:50:29,544][INFO][- {'编号': '818F', '题目': 'Level Generation', '分数': 2100, '标签': 'binary search, math, ternary search', '解决人数': 1119, '链接': 'https://codeforces.com/problemset/problem/818/F'}]
[2023-05-03 12:50:29,545][INFO][- ./cf/a-problem-everyday/2023/05/03/818F.md generate success]
[2023-05-04 00:56:54,345][INFO][- {'编号': '51C', '题目': 'Three Base Stations', '分数': 1800, '标签': 'binary search, greedy', '解决人数': 1435, '链接': 'https://codeforces.com/problemset/problem/51/C'}]
[2023-05-04 00:56:54,345][INFO][- ./cf/a-problem-everyday/2023/05/04/51C.md generate success]
[2023-05-05 13:38:57,398][INFO][- {'编号': '1392D', '题目': 'Omkar and Bed Wars', '分数': 1700, '标签': 'dp, greedy', '解决人数': 7797, '链接': 'https://codeforces.com/problemset/problem/1392/D'}]
[2023-05-05 13:38:57,400][INFO][- ./cf/a-problem-everyday/2023/05/05/1392D.md generate success]
[2023-05-06 10:16:40,845][INFO][- {'编号': '1292B', '题目': "Aroma's Search", '分数': 1700, '标签': 'brute force, constructive algorithms, geometry, greedy, implementation', '解决人数': 5531, '链接': 'https://codeforces.com/problemset/problem/1292/B'}]
[2023-05-06 10:16:40,848][INFO][- ./cf/a-problem-everyday/2023/05/06/1292B.md generate success]
[2023-05-07 11:46:36,117][INFO][- {'编号': '424C', '题目': 'Magic Formulas', '分数': 1600, '标签': 'math', '解决人数': 4836, '链接': 'https://codeforces.com/problemset/problem/424/C'}]
[2023-05-07 11:46:36,119][INFO][- ./cf/a-problem-everyday/2023/05/07/424C.md generate success]
[2023-05-08 00:14:52,774][INFO][- {'编号': '359C', '题目': 'Prime Number', '分数': 1900, '标签': 'math, number theory', '解决人数': 2772, '链接': 'https://codeforces.com/problemset/problem/359/C'}]
[2023-05-08 00:14:52,776][INFO][- ./cf/a-problem-everyday/2023/05/08/359C.md generate success]
[2023-05-09 10:44:46,353][INFO][- {'编号': '451C', '题目': 'Predict Outcome of the Game', '分数': 1700, '标签': 'brute force, implementation, math', '解决人数': 3167, '链接': 'https://codeforces.com/problemset/problem/451/C'}]
[2023-05-09 10:44:46,355][INFO][- ./cf/a-problem-everyday/2023/05/09/451C.md generate success]
[2023-05-10 00:02:34,969][INFO][- {'编号': '746C', '题目': 'Tram', '分数': 1600, '标签': 'constructive algorithms, implementation, math', '解决人数': 3549, '链接': 'https://codeforces.com/problemset/problem/746/C'}]
[2023-05-10 00:02:34,970][INFO][- ./cf/a-problem-everyday/2023/05/10/746C.md generate success]
[2023-05-10 00:09:29,682][INFO][- {'编号': '900C', '题目': 'Remove Extra One', '分数': 1700, '标签': 'brute force, data structures, math', '解决人数': 4146, '链接': 'https://codeforces.com/problemset/problem/900/C'}]
[2023-05-10 00:09:29,684][INFO][- ./cf/a-problem-everyday/2023/05/10/900C.md generate success]
[2023-05-11 10:54:58,311][INFO][- {'编号': '1366D', '题目': 'Two Divisors', '分数': 2000, '标签': 'constructive algorithms, math, number theory', '解决人数': 8684, '链接': 'https://codeforces.com/problemset/problem/1366/D'}]
[2023-05-11 10:54:58,313][INFO][- ./cf/a-problem-everyday/2023/05/11/1366D.md generate success]
[2023-05-12 13:03:52,388][INFO][- {'编号': '1562D1', '题目': 'Two Hundred Twenty One (easy version)', '分数': 1700, '标签': 'data structures, dp, math', '解决人数': 5757, '链接': 'https://codeforces.com/problemset/problem/1562/D1'}]
[2023-05-12 13:03:52,389][INFO][- ./cf/a-problem-everyday/2023/05/12/1562D1.md generate success]
[2023-05-13 13:22:48,377][INFO][- {'编号': '1156C', '题目': 'Match Points', '分数': 2000, '标签': 'binary search, greedy, sortings, ternary search, two pointers', '解决人数': 5010, '链接': 'https://codeforces.com/problemset/problem/1156/C'}]
[2023-05-13 13:22:48,378][INFO][- ./cf/a-problem-everyday/2023/05/13/1156C.md generate success]
